2022-07-25 15:22:41,486 INFO org.springframework.boot.StartupInfoLogger [main] Starting TokenProviderApplication v0.0.1-SNAPSHOT using Java 17.0.1 on lnb035995cps with PID 104350 (/home/llabanca/MyMusic/MyMusic/token-provider-0.0.1-SNAPSHOT.jar started by CIANDT\llabanca in /home/llabanca/MyMusic/MyMusic)
2022-07-25 15:22:41,489 INFO org.springframework.boot.SpringApplication [main] No active profile set, falling back to default profiles: default
2022-07-25 15:22:42,335 INFO org.springframework.data.repository.config.RepositoryConfigurationDelegate [main] Bootstrapping Spring Data JPA repositories in DEFAULT mode.
2022-07-25 15:22:42,391 INFO org.springframework.data.repository.config.RepositoryConfigurationDelegate [main] Finished Spring Data repository scanning in 48 ms. Found 1 JPA repository interfaces.
2022-07-25 15:22:42,893 INFO org.springframework.boot.web.embedded.tomcat.TomcatWebServer [main] Tomcat initialized with port(s): 8080 (http)
2022-07-25 15:22:42,903 INFO org.apache.juli.logging.DirectJDKLog [main] Initializing ProtocolHandler ["http-nio-8080"]
2022-07-25 15:22:42,904 INFO org.apache.juli.logging.DirectJDKLog [main] Starting service [Tomcat]
2022-07-25 15:22:42,904 INFO org.apache.juli.logging.DirectJDKLog [main] Starting Servlet engine: [Apache Tomcat/9.0.56]
2022-07-25 15:22:42,967 INFO org.apache.juli.logging.DirectJDKLog [main] Initializing Spring embedded WebApplicationContext
2022-07-25 15:22:42,967 INFO org.springframework.boot.web.servlet.context.ServletWebServerApplicationContext [main] Root WebApplicationContext: initialization completed in 1403 ms
2022-07-25 15:22:43,106 INFO com.zaxxer.hikari.HikariDataSource [main] HikariPool-1 - Starting...
2022-07-25 15:22:43,268 INFO com.zaxxer.hikari.HikariDataSource [main] HikariPool-1 - Start completed.
2022-07-25 15:22:43,277 INFO org.springframework.boot.autoconfigure.h2.H2ConsoleAutoConfiguration [main] H2 console available at '/h2-console'. Database available at 'jdbc:h2:mem:testdb'
2022-07-25 15:22:43,492 INFO org.hibernate.jpa.internal.util.LogHelper [main] HHH000204: Processing PersistenceUnitInfo [name: default]
2022-07-25 15:22:43,560 INFO org.hibernate.Version [main] HHH000412: Hibernate ORM core version 5.6.4.Final
2022-07-25 15:22:43,743 INFO org.hibernate.annotations.common.reflection.java.JavaReflectionManager [main] HCANN000001: Hibernate Commons Annotations {5.1.2.Final}
2022-07-25 15:22:43,853 INFO org.hibernate.dialect.Dialect [main] HHH000400: Using dialect: org.hibernate.dialect.H2Dialect
2022-07-25 15:22:44,316 INFO org.hibernate.engine.transaction.jta.platform.internal.JtaPlatformInitiator [main] HHH000490: Using JtaPlatform implementation: [org.hibernate.engine.transaction.jta.platform.internal.NoJtaPlatform]
2022-07-25 15:22:44,324 INFO org.springframework.orm.jpa.AbstractEntityManagerFactoryBean [main] Initialized JPA EntityManagerFactory for persistence unit 'default'
2022-07-25 15:22:44,384 WARN org.springframework.boot.autoconfigure.orm.jpa.JpaBaseConfiguration$JpaWebConfiguration [main] spring.jpa.open-in-view is enabled by default. Therefore, database queries may be performed during view rendering. Explicitly configure spring.jpa.open-in-view to disable this warning
2022-07-25 15:22:45,276 INFO org.springframework.boot.actuate.endpoint.web.EndpointLinksResolver [main] Exposing 1 endpoint(s) beneath base path '/actuator'
2022-07-25 15:22:45,295 INFO org.apache.juli.logging.DirectJDKLog [main] Starting ProtocolHandler ["http-nio-8080"]
2022-07-25 15:22:45,315 INFO org.springframework.boot.web.embedded.tomcat.TomcatWebServer [main] Tomcat started on port(s): 8080 (http) with context path ''
2022-07-25 15:22:45,327 INFO org.springframework.boot.StartupInfoLogger [main] Started TokenProviderApplication in 4.306 seconds (JVM running for 4.91)
2022-07-25 15:23:07,876 INFO org.apache.juli.logging.DirectJDKLog [http-nio-8080-exec-2] Initializing Spring DispatcherServlet 'dispatcherServlet'
2022-07-25 15:23:07,876 INFO org.springframework.web.servlet.FrameworkServlet [http-nio-8080-exec-2] Initializing Servlet 'dispatcherServlet'
2022-07-25 15:23:07,877 INFO org.springframework.web.servlet.FrameworkServlet [http-nio-8080-exec-2] Completed initialization in 1 ms
2022-07-25 15:23:07,949 INFO com.ciandt.token.provider.controllers.TokenController [http-nio-8080-exec-2] Recebido requisição para criação de token para chave: Lari
2022-07-25 15:23:08,022 INFO com.ciandt.token.provider.controllers.TokenController [http-nio-8080-exec-2] Token gerado com sucesso
2022-07-25 15:23:18,335 INFO com.ciandt.token.provider.controllers.TokenAuthorizerController [http-nio-8080-exec-3] Recebido requisição para geração de token: Lari
2022-07-25 15:23:18,346 INFO com.ciandt.token.provider.controllers.TokenAuthorizerController [http-nio-8080-exec-3] Token validado com sucesso
